<?xml version="1.0" encoding="UTF-8"?>
<testng-results ignored="0" total="1" passed="1" failed="0" skipped="0">
  <reporter-output>
  </reporter-output>
  <suite started-at="2022-07-28T11:06:51 IST" name="Default suite" finished-at="2022-07-28T11:06:51 IST" duration-ms="47">
    <groups>
    </groups>
    <test started-at="2022-07-28T11:06:51 IST" name="Default test" finished-at="2022-07-28T11:06:51 IST" duration-ms="47">
      <class name="testNG_Implementation.TestNG_EX1">
        <test-method signature="show()[pri:0, instance:testNG_Implementation.TestNG_EX1@383bfa16]" started-at="2022-07-28T11:06:51 IST" name="show" finished-at="2022-07-28T11:06:51 IST" duration-ms="7" status="PASS">
          <reporter-output>
          </reporter-output>
        </test-method> <!-- show -->
      </class> <!-- testNG_Implementation.TestNG_EX1 -->
    </test> <!-- Default test -->
  </suite> <!-- Default suite -->
</testng-results>
